number,value,params_C,params_class_weight,state
0,0.5899344463204255,0.0745934328572655,,COMPLETE
1,0.5923957233673113,0.9846738873614566,,COMPLETE
2,0.4734718950705418,0.0019517224641449498,,COMPLETE
3,0.6287605679612783,3.4702669886504163,balanced,COMPLETE
4,0.5973168998660635,14.528246637516036,,COMPLETE
5,0.6243659862943379,0.008260808399079604,balanced,COMPLETE
6,0.6275017090559757,0.14445251022763064,balanced,COMPLETE
7,0.6258012492189972,0.004982752357076452,balanced,COMPLETE
8,0.5911660570548454,0.19069966103000435,,COMPLETE
9,0.5905693406054091,0.37253938395788866,,COMPLETE
10,0.6267176827565002,86.44140211657373,balanced,COMPLETE
11,0.6280702833207441,1.188665558141023,balanced,COMPLETE
12,0.6284195270790399,1.9405969022860996,balanced,COMPLETE
13,0.6287698139413683,2.9562366476484185,balanced,COMPLETE
14,0.6289329004528015,7.490327417638922,balanced,COMPLETE
15,0.6284117634443841,13.895723035319085,balanced,COMPLETE
16,0.6289329004528015,7.845715954306047,balanced,COMPLETE
17,0.62753540925557,22.332829989222688,balanced,COMPLETE
18,0.6285703187399061,11.111355104714788,balanced,COMPLETE
19,0.627581662809458,0.2801290723074766,balanced,COMPLETE
20,0.5970714518785873,32.611371610536985,,COMPLETE
21,0.6295926144688293,5.372126828890553,balanced,COMPLETE
22,0.6297633280228062,6.340249693412648,balanced,COMPLETE
23,0.6274043287054986,0.7663873138149553,balanced,COMPLETE
24,0.5938251666539754,4.63474276838527,,COMPLETE
25,0.6271976857294776,39.313091252241854,balanced,COMPLETE
26,0.627569099316049,0.6379012028160841,balanced,COMPLETE
27,0.5973782660853237,86.1884934893493,,COMPLETE
28,0.6271976857294776,40.137376656161805,balanced,COMPLETE
29,0.5871561239654135,0.04102580666282164,,COMPLETE
